<?xml version="1.0" encoding="UTF-8"?>
<testsuites>
	<testsuite tests="26" failures="0" time="0.000" name="github.com/syntropysoft/praetorian-go/internal/adapters/parsers">
		<properties>
			<property name="go.version" value="go1.21.6"></property>
		</properties>
		<testcase classname="parsers" name="TestValidateFilenameAndExtension" time="0.000"></testcase>
		<testcase classname="parsers" name="TestValidateFilenameAndExtension/valid_yaml" time="0.000"></testcase>
		<testcase classname="parsers" name="TestValidateFilenameAndExtension/valid_json" time="0.000"></testcase>
		<testcase classname="parsers" name="TestValidateFilenameAndExtension/invalid_extension" time="0.000"></testcase>
		<testcase classname="parsers" name="TestValidateFilenameAndExtension/empty_filename" time="0.000"></testcase>
		<testcase classname="parsers" name="TestValidateFilenameAndExtension/multiple_extensions" time="0.000"></testcase>
		<testcase classname="parsers" name="TestValidateFilenameAndExtension/case_insensitive" time="0.000"></testcase>
		<testcase classname="parsers" name="TestValidateContextAndInput" time="0.000"></testcase>
		<testcase classname="parsers" name="TestValidateContextAndInput/valid_input" time="0.000"></testcase>
		<testcase classname="parsers" name="TestValidateContextAndInput/empty_filename" time="0.000"></testcase>
		<testcase classname="parsers" name="TestValidateContextAndInput/nil_content" time="0.000"></testcase>
		<testcase classname="parsers" name="TestValidateContextAndInput/cancelled_context" time="0.000"></testcase>
		<testcase classname="parsers" name="TestGetFileExtension" time="0.000"></testcase>
		<testcase classname="parsers" name="TestGetFileExtension/yaml_file" time="0.000"></testcase>
		<testcase classname="parsers" name="TestGetFileExtension/json_file" time="0.000"></testcase>
		<testcase classname="parsers" name="TestGetFileExtension/no_extension" time="0.000"></testcase>
		<testcase classname="parsers" name="TestGetFileExtension/multiple_dots" time="0.000"></testcase>
		<testcase classname="parsers" name="TestGetFileExtension/uppercase" time="0.000"></testcase>
		<testcase classname="parsers" name="TestGetFileExtension/empty_filename" time="0.000"></testcase>
		<testcase classname="parsers" name="TestParserRegistry" time="0.000"></testcase>
		<testcase classname="parsers" name="TestParserRegistry/should_have_processors_registered" time="0.000"></testcase>
		<testcase classname="parsers" name="TestParserRegistry/should_get_processor_for_valid_extension" time="0.000"></testcase>
		<testcase classname="parsers" name="TestParserRegistry/should_return_error_for_invalid_extension" time="0.000"></testcase>
		<testcase classname="parsers" name="TestParserRegistry/should_get_processor_for_file" time="0.000"></testcase>
		<testcase classname="parsers" name="TestRegistryIntegration" time="0.000"></testcase>
		<testcase classname="parsers" name="TestRegistryIntegration/should_support_multiple_file_types" time="0.000"></testcase>
	</testsuite>
	<testsuite tests="3" failures="0" time="0.000" name="github.com/syntropysoft/praetorian-go/tests/integration/commands">
		<properties>
			<property name="go.version" value="go1.21.6"></property>
		</properties>
		<testcase classname="commands" name="TestInitCommandIntegration" time="0.010"></testcase>
		<testcase classname="commands" name="TestInitCommandIntegration/should_create_basic_config_file" time="0.000"></testcase>
		<testcase classname="commands" name="TestInitCommandIntegration/should_create_devsecops_config_file" time="0.000"></testcase>
	</testsuite>
	<testsuite tests="12" failures="0" time="0.000" name="github.com/syntropysoft/praetorian-go/tests/unit/cli">
		<properties>
			<property name="go.version" value="go1.21.6"></property>
		</properties>
		<testcase classname="cli" name="TestValidateConfigPath" time="0.000"></testcase>
		<testcase classname="cli" name="TestValidateConfigPath/valid_path" time="0.000"></testcase>
		<testcase classname="cli" name="TestValidateConfigPath/valid_path_with_dir" time="0.000"></testcase>
		<testcase classname="cli" name="TestValidateConfigPath/empty_path" time="0.000"></testcase>
		<testcase classname="cli" name="TestValidateConfigPath/valid_absolute_path" time="0.000"></testcase>
		<testcase classname="cli" name="TestValidateOutputFormat" time="0.000"></testcase>
		<testcase classname="cli" name="TestValidateOutputFormat/valid_text" time="0.000"></testcase>
		<testcase classname="cli" name="TestValidateOutputFormat/valid_json" time="0.000"></testcase>
		<testcase classname="cli" name="TestValidateOutputFormat/valid_yaml" time="0.000"></testcase>
		<testcase classname="cli" name="TestValidateOutputFormat/invalid_format" time="0.000"></testcase>
		<testcase classname="cli" name="TestValidateOutputFormat/empty_format" time="0.000"></testcase>
		<testcase classname="cli" name="TestValidateOutputFormat/case_sensitive" time="0.000"></testcase>
	</testsuite>
	<testsuite tests="26" failures="0" time="0.000" name="github.com/syntropysoft/praetorian-go/tests/unit/parsers">
		<properties>
			<property name="go.version" value="go1.21.6"></property>
		</properties>
		<testcase classname="parsers" name="TestValidateFilenameAndExtension" time="0.000"></testcase>
		<testcase classname="parsers" name="TestValidateFilenameAndExtension/valid_yaml" time="0.000"></testcase>
		<testcase classname="parsers" name="TestValidateFilenameAndExtension/valid_json" time="0.000"></testcase>
		<testcase classname="parsers" name="TestValidateFilenameAndExtension/invalid_extension" time="0.000"></testcase>
		<testcase classname="parsers" name="TestValidateFilenameAndExtension/empty_filename" time="0.000"></testcase>
		<testcase classname="parsers" name="TestValidateFilenameAndExtension/multiple_extensions" time="0.000"></testcase>
		<testcase classname="parsers" name="TestValidateFilenameAndExtension/case_insensitive" time="0.000"></testcase>
		<testcase classname="parsers" name="TestValidateContextAndInput" time="0.000"></testcase>
		<testcase classname="parsers" name="TestValidateContextAndInput/valid_input" time="0.000"></testcase>
		<testcase classname="parsers" name="TestValidateContextAndInput/empty_filename" time="0.000"></testcase>
		<testcase classname="parsers" name="TestValidateContextAndInput/nil_content" time="0.000"></testcase>
		<testcase classname="parsers" name="TestValidateContextAndInput/cancelled_context" time="0.000"></testcase>
		<testcase classname="parsers" name="TestGetFileExtension" time="0.000"></testcase>
		<testcase classname="parsers" name="TestGetFileExtension/yaml_file" time="0.000"></testcase>
		<testcase classname="parsers" name="TestGetFileExtension/json_file" time="0.000"></testcase>
		<testcase classname="parsers" name="TestGetFileExtension/no_extension" time="0.000"></testcase>
		<testcase classname="parsers" name="TestGetFileExtension/multiple_dots" time="0.000"></testcase>
		<testcase classname="parsers" name="TestGetFileExtension/uppercase" time="0.000"></testcase>
		<testcase classname="parsers" name="TestGetFileExtension/empty_filename" time="0.000"></testcase>
		<testcase classname="parsers" name="TestParserRegistry" time="0.000"></testcase>
		<testcase classname="parsers" name="TestParserRegistry/should_have_processors_registered" time="0.000"></testcase>
		<testcase classname="parsers" name="TestParserRegistry/should_get_processor_for_valid_extension" time="0.000"></testcase>
		<testcase classname="parsers" name="TestParserRegistry/should_return_error_for_invalid_extension" time="0.000"></testcase>
		<testcase classname="parsers" name="TestParserRegistry/should_get_processor_for_file" time="0.000"></testcase>
		<testcase classname="parsers" name="TestRegistryIntegration" time="0.000"></testcase>
		<testcase classname="parsers" name="TestRegistryIntegration/should_support_multiple_file_types" time="0.000"></testcase>
	</testsuite>
</testsuites>
